# JRE version: Java(TM) SE Runtime Environment (9.0+11) (build 9.0.4+11)
# Java VM: Java HotSpot(TM) 64-Bit Server VM (9.0.4+11, mixed mode, tiered, compressed oops, g1 gc, windows-amd64)
Heap:
 garbage-first heap   total 192512K, used 99013K [0x0000000700000000, 0x00000007001005e0, 0x00000007c0000000)
  region size 1024K, 20 young (20480K), 0 survivors (0K)
 Metaspace       used 84822K, capacity 86375K, committed 93608K, reserved 1130496K
  class space    used 11666K, capacity 12034K, committed 13512K, reserved 1048576K
GC Heap History (10 events):
Event: 351579.492 GC heap before
{Heap before GC invocations=1098 (full 61):
 garbage-first heap   total 192512K, used 142044K [0x0000000700000000, 0x00000007001005e0, 0x00000007c0000000)
  region size 1024K, 60 young (61440K), 1 survivors (1024K)
 Metaspace       used 84878K, capacity 86557K, committed 93608K, reserved 1130496K
  class space    used 11689K, capacity 12077K, committed 13512K, reserved 1048576K
}
Event: 351579.494 GC heap after
{Heap after GC invocations=1099 (full 61):
 garbage-first heap   total 192512K, used 81593K [0x0000000700000000, 0x00000007001005e0, 0x00000007c0000000)
  region size 1024K, 1 young (1024K), 1 survivors (1024K)
 Metaspace       used 84878K, capacity 86557K, committed 93608K, reserved 1130496K
  class space    used 11689K, capacity 12077K, committed 13512K, reserved 1048576K
}
Event: 351589.495 GC heap before
{Heap before GC invocations=1099 (full 61):
 garbage-first heap   total 192512K, used 142009K [0x0000000700000000, 0x00000007001005e0, 0x00000007c0000000)
  region size 1024K, 60 young (61440K), 1 survivors (1024K)
 Metaspace       used 84883K, capacity 86557K, committed 93608K, reserved 1130496K
  class space    used 11689K, capacity 12077K, committed 13512K, reserved 1048576K
}
Event: 351589.496 GC heap after
{Heap after GC invocations=1100 (full 61):
 garbage-first heap   total 192512K, used 81754K [0x0000000700000000, 0x00000007001005e0, 0x00000007c0000000)
  region size 1024K, 1 young (1024K), 1 survivors (1024K)
 Metaspace       used 84883K, capacity 86557K, committed 93608K, reserved 1130496K
  class space    used 11689K, capacity 12077K, committed 13512K, reserved 1048576K
}
Event: 351606.530 GC heap before
{Heap before GC invocations=1100 (full 61):
 garbage-first heap   total 192512K, used 142170K [0x0000000700000000, 0x00000007001005e0, 0x00000007c0000000)
  region size 1024K, 60 young (61440K), 1 survivors (1024K)
 Metaspace       used 84883K, capacity 86557K, committed 93608K, reserved 1130496K
  class space    used 11689K, capacity 12077K, committed 13512K, reserved 1048576K
}
Event: 351606.532 GC heap after
{Heap after GC invocations=1101 (full 61):
 garbage-first heap   total 192512K, used 81779K [0x0000000700000000, 0x00000007001005e0, 0x00000007c0000000)
  region size 1024K, 1 young (1024K), 1 survivors (1024K)
 Metaspace       used 84883K, capacity 86557K, committed 93608K, reserved 1130496K
  class space    used 11689K, capacity 12077K, committed 13512K, reserved 1048576K
}
Event: 351624.547 GC heap before
{Heap before GC invocations=1101 (full 61):
 garbage-first heap   total 192512K, used 142195K [0x0000000700000000, 0x00000007001005e0, 0x00000007c0000000)
  region size 1024K, 60 young (61440K), 1 survivors (1024K)
 Metaspace       used 84883K, capacity 86557K, committed 93608K, reserved 1130496K
  class space    used 11689K, capacity 12077K, committed 13512K, reserved 1048576K
}
Event: 351624.549 GC heap after
{Heap after GC invocations=1102 (full 61):
 garbage-first heap   total 192512K, used 81822K [0x0000000700000000, 0x00000007001005e0, 0x00000007c0000000)
  region size 1024K, 2 young (2048K), 2 survivors (2048K)
 Metaspace       used 84883K, capacity 86557K, committed 93608K, reserved 1130496K
  class space    used 11689K, capacity 12077K, committed 13512K, reserved 1048576K
}
Event: 351638.962 GC heap before
{Heap before GC invocations=1102 (full 61):
 garbage-first heap   total 192512K, used 129950K [0x0000000700000000, 0x00000007001005e0, 0x00000007c0000000)
  region size 1024K, 50 young (51200K), 2 survivors (2048K)
 Metaspace       used 84897K, capacity 86561K, committed 93608K, reserved 1130496K
  class space    used 11689K, capacity 12077K, committed 13512K, reserved 1048576K
}
Event: 351639.165 GC heap after
{Heap after GC invocations=1103 (full 62):
 garbage-first heap   total 192512K, used 79557K [0x0000000700000000, 0x00000007001005e0, 0x00000007c0000000)
  region size 1024K, 0 young (0K), 0 survivors (0K)
 Metaspace       used 84822K, capacity 86375K, committed 93608K, reserved 1130496K
  class space    used 11666K, capacity 12034K, committed 13512K, reserved 1048576K
}

